<?xml version="1.0" encoding="UTF-8"?>
<!-- Generated by org.testng.reporters.JUnitReportReporter -->
<testsuite hostname="IP-C613C014" name="testscripts.Test_Purchase" tests="1" failures="0" timestamp="4 Apr 2021 06:05:12 GMT" time="103.135" errors="0">
  <testcase name="processItemPurchase" time="103.135" classname="testscripts.Test_Purchase"/>
</testsuite> <!-- testscripts.Test_Purchase -->
